{"/Users/ernestoesp/Documents/lto-wallet/assets/images/brand_logo.png": {"path":"/Users/ernestoesp/Documents/lto-wallet/assets/images/brand_logo.png","statementMap":{"0":{"start":{"line":1,"column":0},"end":{"line":1,"column":19}}},"fnMap":{},"branchMap":{},"s":{"0":2},"f":{},"b":{},"inputSourceMap":null,"_coverageSchema":"1a1c01bbd47fc00a2c39e90264f33305004495a9","hash":"30a4adb89047037cd41ac52509b684c14ba16ff9"}
,"/Users/ernestoesp/Documents/lto-wallet/assets/images/illustration_slide_1.png": {"path":"/Users/ernestoesp/Documents/lto-wallet/assets/images/illustration_slide_1.png","statementMap":{"0":{"start":{"line":1,"column":0},"end":{"line":1,"column":19}}},"fnMap":{},"branchMap":{},"s":{"0":2},"f":{},"b":{},"inputSourceMap":null,"_coverageSchema":"1a1c01bbd47fc00a2c39e90264f33305004495a9","hash":"fc479b2149efe44f9f32be2415995aca3eb9b537"}
,"/Users/ernestoesp/Documents/lto-wallet/assets/images/illustration_slide_2.png": {"path":"/Users/ernestoesp/Documents/lto-wallet/assets/images/illustration_slide_2.png","statementMap":{"0":{"start":{"line":1,"column":0},"end":{"line":1,"column":19}}},"fnMap":{},"branchMap":{},"s":{"0":2},"f":{},"b":{},"inputSourceMap":null,"_coverageSchema":"1a1c01bbd47fc00a2c39e90264f33305004495a9","hash":"40d1e41bfb3298fea212f4e878f59ff973245cbe"}
,"/Users/ernestoesp/Documents/lto-wallet/components/Footer.tsx": {"path":"/Users/ernestoesp/Documents/lto-wallet/components/Footer.tsx","statementMap":{"0":{"start":{"line":10,"column":23},"end":{"line":10,"column":38}},"1":{"start":{"line":12,"column":4},"end":{"line":41,"column":5}},"2":{"start":{"line":16,"column":20},"end":{"line":25,"column":22}},"3":{"start":{"line":35,"column":39},"end":{"line":35,"column":68}}},"fnMap":{"0":{"name":"Footer","decl":{"start":{"line":8,"column":24},"end":{"line":8,"column":30}},"loc":{"start":{"line":8,"column":59},"end":{"line":42,"column":1}},"line":8},"1":{"name":"(anonymous_1)","decl":{"start":{"line":15,"column":28},"end":{"line":15,"column":29}},"loc":{"start":{"line":16,"column":20},"end":{"line":25,"column":22}},"line":16},"2":{"name":"(anonymous_2)","decl":{"start":{"line":35,"column":33},"end":{"line":35,"column":34}},"loc":{"start":{"line":35,"column":39},"end":{"line":35,"column":68}},"line":35}},"branchMap":{"0":{"loc":{"start":{"line":20,"column":28},"end":{"line":23,"column":29}},"type":"binary-expr","locations":[{"start":{"line":20,"column":28},"end":{"line":20,"column":54}},{"start":{"line":20,"column":58},"end":{"line":23,"column":29}}],"line":20},"1":{"loc":{"start":{"line":30,"column":17},"end":{"line":38,"column":17}},"type":"binary-expr","locations":[{"start":{"line":30,"column":17},"end":{"line":30,"column":56}},{"start":{"line":31,"column":20},"end":{"line":37,"column":35}}],"line":30}},"s":{"0":2,"1":2,"2":4,"3":1},"f":{"0":2,"1":4,"2":1},"b":{"0":[4,2],"1":[2,2]},"_coverageSchema":"1a1c01bbd47fc00a2c39e90264f33305004495a9","hash":"0ba8b2d16995bd524a2cea6f608d7463d9b4738d"}
,"/Users/ernestoesp/Documents/lto-wallet/components/Header.tsx": {"path":"/Users/ernestoesp/Documents/lto-wallet/components/Header.tsx","statementMap":{"0":{"start":{"line":9,"column":23},"end":{"line":9,"column":38}},"1":{"start":{"line":11,"column":4},"end":{"line":28,"column":5}}},"fnMap":{"0":{"name":"Header","decl":{"start":{"line":7,"column":24},"end":{"line":7,"column":30}},"loc":{"start":{"line":7,"column":72},"end":{"line":29,"column":1}},"line":7}},"branchMap":{"0":{"loc":{"start":{"line":20,"column":13},"end":{"line":26,"column":28}},"type":"binary-expr","locations":[{"start":{"line":20,"column":13},"end":{"line":20,"column":52}},{"start":{"line":21,"column":16},"end":{"line":26,"column":28}}],"line":20}},"s":{"0":3,"1":3},"f":{"0":3},"b":{"0":[3,3]},"_coverageSchema":"1a1c01bbd47fc00a2c39e90264f33305004495a9","hash":"78b4115c8125424545827274595f587e921a6bc3"}
,"/Users/ernestoesp/Documents/lto-wallet/components/Slide.tsx": {"path":"/Users/ernestoesp/Documents/lto-wallet/components/Slide.tsx","statementMap":{"0":{"start":{"line":7,"column":30},"end":{"line":7,"column":51}},"1":{"start":{"line":9,"column":4},"end":{"line":21,"column":5}}},"fnMap":{"0":{"name":"Slide","decl":{"start":{"line":6,"column":24},"end":{"line":6,"column":29}},"loc":{"start":{"line":6,"column":45},"end":{"line":22,"column":1}},"line":6}},"branchMap":{},"s":{"0":1,"1":1},"f":{"0":1},"b":{},"_coverageSchema":"1a1c01bbd47fc00a2c39e90264f33305004495a9","hash":"8613d40ab9ed57c530188e228fdb8d429f06c49a"}
,"/Users/ernestoesp/Documents/lto-wallet/components/StyledText.tsx": {"path":"/Users/ernestoesp/Documents/lto-wallet/components/StyledText.tsx","statementMap":{"0":{"start":{"line":6,"column":2},"end":{"line":6,"column":80}}},"fnMap":{"0":{"name":"MonoText","decl":{"start":{"line":5,"column":16},"end":{"line":5,"column":24}},"loc":{"start":{"line":5,"column":43},"end":{"line":7,"column":1}},"line":5}},"branchMap":{},"s":{"0":1},"f":{"0":1},"b":{},"_coverageSchema":"1a1c01bbd47fc00a2c39e90264f33305004495a9","hash":"adf7e1696ce1cfcde77f24af4730a26a0bdc275e"}
,"/Users/ernestoesp/Documents/lto-wallet/components/Themed.tsx": {"path":"/Users/ernestoesp/Documents/lto-wallet/components/Themed.tsx","statementMap":{"0":{"start":{"line":16,"column":16},"end":{"line":16,"column":32}},"1":{"start":{"line":17,"column":25},"end":{"line":17,"column":37}},"2":{"start":{"line":19,"column":2},"end":{"line":23,"column":3}},"3":{"start":{"line":20,"column":4},"end":{"line":20,"column":25}},"4":{"start":{"line":22,"column":4},"end":{"line":22,"column":35}},"5":{"start":{"line":35,"column":58},"end":{"line":35,"column":63}},"6":{"start":{"line":36,"column":16},"end":{"line":36,"column":77}},"7":{"start":{"line":38,"column":2},"end":{"line":38,"column":67}},"8":{"start":{"line":42,"column":58},"end":{"line":42,"column":63}},"9":{"start":{"line":43,"column":26},"end":{"line":43,"column":93}},"10":{"start":{"line":45,"column":2},"end":{"line":45,"column":77}}},"fnMap":{"0":{"name":"useThemeColor","decl":{"start":{"line":12,"column":16},"end":{"line":12,"column":29}},"loc":{"start":{"line":15,"column":2},"end":{"line":24,"column":1}},"line":15},"1":{"name":"Text","decl":{"start":{"line":34,"column":16},"end":{"line":34,"column":20}},"loc":{"start":{"line":34,"column":39},"end":{"line":39,"column":1}},"line":34},"2":{"name":"View","decl":{"start":{"line":41,"column":16},"end":{"line":41,"column":20}},"loc":{"start":{"line":41,"column":39},"end":{"line":46,"column":1}},"line":41}},"branchMap":{"0":{"loc":{"start":{"line":19,"column":2},"end":{"line":23,"column":3}},"type":"if","locations":[{"start":{"line":19,"column":2},"end":{"line":23,"column":3}},{"start":{"line":21,"column":9},"end":{"line":23,"column":3}}],"line":19}},"s":{"0":1,"1":1,"2":1,"3":0,"4":1,"5":1,"6":1,"7":1,"8":0,"9":0,"10":0},"f":{"0":1,"1":1,"2":0},"b":{"0":[0,1]},"_coverageSchema":"1a1c01bbd47fc00a2c39e90264f33305004495a9","hash":"3bcf55b2a5cba0e492f8ed29b3d1161520252611"}
,"/Users/ernestoesp/Documents/lto-wallet/components/styles/Footer.styles.ts": {"path":"/Users/ernestoesp/Documents/lto-wallet/components/styles/Footer.styles.ts","statementMap":{"0":{"start":{"line":3,"column":25},"end":{"line":8,"column":1}},"1":{"start":{"line":9,"column":34},"end":{"line":13,"column":1}},"2":{"start":{"line":14,"column":25},"end":{"line":20,"column":1}},"3":{"start":{"line":21,"column":28},"end":{"line":25,"column":1}}},"fnMap":{},"branchMap":{},"s":{"0":1,"1":1,"2":1,"3":1},"f":{},"b":{},"_coverageSchema":"1a1c01bbd47fc00a2c39e90264f33305004495a9","hash":"52f52e4c9090d4da739efc90271d00a046456323"}
,"/Users/ernestoesp/Documents/lto-wallet/components/styles/Header.styles.ts": {"path":"/Users/ernestoesp/Documents/lto-wallet/components/styles/Header.styles.ts","statementMap":{"0":{"start":{"line":4,"column":26},"end":{"line":10,"column":1}},"1":{"start":{"line":12,"column":25},"end":{"line":17,"column":1}}},"fnMap":{},"branchMap":{},"s":{"0":1,"1":1},"f":{},"b":{},"_coverageSchema":"1a1c01bbd47fc00a2c39e90264f33305004495a9","hash":"f2c0216e5ce6f04b86331e22a568e7184afe4a72"}
,"/Users/ernestoesp/Documents/lto-wallet/components/styles/Slide.styles.ts": {"path":"/Users/ernestoesp/Documents/lto-wallet/components/styles/Slide.styles.ts","statementMap":{"0":{"start":{"line":3,"column":24},"end":{"line":10,"column":1}},"1":{"start":{"line":11,"column":24},"end":{"line":19,"column":1}}},"fnMap":{},"branchMap":{},"s":{"0":1,"1":1},"f":{},"b":{},"_coverageSchema":"1a1c01bbd47fc00a2c39e90264f33305004495a9","hash":"958c6a62e79555e7a9be856fcb2c68dbe5247140"}
,"/Users/ernestoesp/Documents/lto-wallet/components/styles/StyledButton.styles.ts": {"path":"/Users/ernestoesp/Documents/lto-wallet/components/styles/StyledButton.styles.ts","statementMap":{"0":{"start":{"line":4,"column":28},"end":{"line":16,"column":1}},"1":{"start":{"line":13,"column":11},"end":{"line":15,"column":42}}},"fnMap":{"0":{"name":"(anonymous_0)","decl":{"start":{"line":13,"column":2},"end":{"line":13,"column":3}},"loc":{"start":{"line":13,"column":11},"end":{"line":15,"column":42}},"line":13}},"branchMap":{"0":{"loc":{"start":{"line":13,"column":11},"end":{"line":15,"column":42}},"type":"cond-expr","locations":[{"start":{"line":14,"column":6},"end":{"line":14,"column":93}},{"start":{"line":15,"column":6},"end":{"line":15,"column":42}}],"line":13}},"s":{"0":1,"1":2},"f":{"0":2},"b":{"0":[2,0]},"_coverageSchema":"1a1c01bbd47fc00a2c39e90264f33305004495a9","hash":"327923d505c39298e683cdfc033d24e8229b8901"}
,"/Users/ernestoesp/Documents/lto-wallet/constants/Colors.ts": {"path":"/Users/ernestoesp/Documents/lto-wallet/constants/Colors.ts","statementMap":{"0":{"start":{"line":1,"column":23},"end":{"line":1,"column":32}},"1":{"start":{"line":2,"column":22},"end":{"line":2,"column":28}}},"fnMap":{},"branchMap":{},"s":{"0":1,"1":1},"f":{},"b":{},"_coverageSchema":"1a1c01bbd47fc00a2c39e90264f33305004495a9","hash":"2609dfe9b93c05db32b909e967846774c208661c"}
,"/Users/ernestoesp/Documents/lto-wallet/hooks/useColorScheme.ts": {"path":"/Users/ernestoesp/Documents/lto-wallet/hooks/useColorScheme.ts","statementMap":{"0":{"start":{"line":7,"column":2},"end":{"line":7,"column":59}}},"fnMap":{"0":{"name":"useColorScheme","decl":{"start":{"line":6,"column":24},"end":{"line":6,"column":38}},"loc":{"start":{"line":6,"column":71},"end":{"line":8,"column":1}},"line":6}},"branchMap":{},"s":{"0":1},"f":{"0":1},"b":{},"_coverageSchema":"1a1c01bbd47fc00a2c39e90264f33305004495a9","hash":"fb877a8c0391e587935404388418a288a7092e47"}
,"/Users/ernestoesp/Documents/lto-wallet/utils/slideList.ts": {"path":"/Users/ernestoesp/Documents/lto-wallet/utils/slideList.ts","statementMap":{"0":{"start":{"line":1,"column":15},"end":{"line":14,"column":1}}},"fnMap":{},"branchMap":{},"s":{"0":2},"f":{},"b":{},"_coverageSchema":"1a1c01bbd47fc00a2c39e90264f33305004495a9","hash":"2a94eba0112811e98f946f314b73b5aa28b0045d"}
}
